<?xml version="1.0" encoding="UTF-8"?>
<!-- Generated by org.testng.reporters.JUnitXMLReporter -->
<testsuite hostname="LAPTOP-217KCUK4" ignored="0" name="methods" tests="3" failures="0" timestamp="28 Jan 2022 08:31:29 GMT" time="0.034" errors="0">
  <testcase name="tc1" time="0.009" classname="org.TestNG.ParallelLaunch"/>
  <testcase name="tc2" time="0.001" classname="org.TestNG.ParallelLaunch"/>
  <testcase name="tc3" time="0.001" classname="org.TestNG.ParallelLaunch"/>
</testsuite> <!-- methods -->
