<?xml version="1.0" encoding="UTF-8"?>
<!-- Generated by org.testng.reporters.JUnitXMLReporter -->
<testsuite hostname="LAPTOP-217KCUK4" ignored="0" name="Test" tests="6" failures="0" timestamp="28 Jan 2022 08:45:09 GMT" time="0.034" errors="0">
  <testcase name="tc1" time="0.009" classname="org.TestNG.ParallelLaunch"/>
  <testcase name="tc11" time="0.009" classname="org.TestNG.ParallelBrowser"/>
  <testcase name="tc2" time="0.001" classname="org.TestNG.ParallelLaunch"/>
  <testcase name="tc22" time="0.001" classname="org.TestNG.ParallelBrowser"/>
  <testcase name="tc3" time="0.002" classname="org.TestNG.ParallelLaunch"/>
  <testcase name="tc33" time="0.001" classname="org.TestNG.ParallelBrowser"/>
</testsuite> <!-- Test -->
